#
# There is insufficient memory for the Java Runtime Environment to continue.
# Native memory allocation (malloc) failed to allocate 1048576 bytes. Error detail: AllocateHeap
# Possible reasons:
#   The system is out of physical RAM or swap space
#   This process is running with CompressedOops enabled, and the Java Heap may be blocking the growth of the native heap
# Possible solutions:
#   Reduce memory load on the system
#   Increase physical memory or swap space
#   Check if swap backing store is full
#   Decrease Java heap size (-Xmx/-Xms)
#   Decrease number of Java threads
#   Decrease Java thread stack sizes (-Xss)
#   Set larger code cache with -XX:ReservedCodeCacheSize=
#   JVM is running with Unscaled Compressed Oops mode in which the Java heap is
#     placed in the first 4GB address space. The Java Heap base address is the
#     maximum limit for the native heap growth. Please use -XX:HeapBaseMinAddress
#     to set the Java Heap base and to place the Java Heap above 4GB virtual address.
# This output file may be truncated or incomplete.
#
#  Out of Memory Error (allocation.cpp:44), pid=174912, tid=152496
#
# JRE version: OpenJDK Runtime Environment Temurin-17.0.12+7 (17.0.12+7) (build 17.0.12+7)
# Java VM: OpenJDK 64-Bit Server VM Temurin-17.0.12+7 (17.0.12+7, mixed mode, emulated-client, tiered, compressed oops, compressed class ptrs, g1 gc, windows-amd64)
# No core dump will be written. Minidumps are not enabled by default on client versions of Windows
#

---------------  S U M M A R Y ------------

Command Line: -Xmx1024m -Dsts.lsp.client=vscode -Dsts.log.file=/dev/null -XX:TieredStopAtLevel=1 -Xlog:jni+resolve=off c:\Users\Admin\.vscode\extensions\vmware.vscode-spring-boot-1.57.0\language-server\spring-boot-language-server-1.57.0-SNAPSHOT-exec.jar

Host: Intel(R) Core(TM) i3-6100U CPU @ 2.30GHz, 4 cores, 7G,  Windows 10 , 64 bit Build 19041 (10.0.19041.3636)
Time: Fri Sep 27 20:50:07 2024 Sri Lanka Standard Time elapsed time: 253.684739 seconds (0d 0h 4m 13s)

---------------  T H R E A D  ---------------

Current thread (0x000002357d6db570):  VMThread "VM Thread" [stack: 0x000000a2de500000,0x000000a2de600000] [id=152496]

Stack: [0x000000a2de500000,0x000000a2de600000]
Native frames: (J=compiled Java code, j=interpreted, Vv=VM code, C=native code)
V  [jvm.dll+0x67f929]
V  [jvm.dll+0x8371ba]
V  [jvm.dll+0x838c7e]
V  [jvm.dll+0x8392e3]
V  [jvm.dll+0x24834f]
V  [jvm.dll+0xa70d3]
V  [jvm.dll+0x2f9073]
V  [jvm.dll+0x2f4d00]
V  [jvm.dll+0x2dd82f]
V  [jvm.dll+0x3201f7]
V  [jvm.dll+0x83d7dd]
V  [jvm.dll+0x83e522]
V  [jvm.dll+0x83ea4f]
V  [jvm.dll+0x83ee34]
V  [jvm.dll+0x83ef00]
V  [jvm.dll+0x7e65dc]
V  [jvm.dll+0x67e7f7]
C  [ucrtbase.dll+0x21bb2]
C  [KERNEL32.DLL+0x17344]
C  [ntdll.dll+0x526b1]

VM_Operation (0x000000a2df8fed90): G1CollectFull, mode: safepoint, requested by thread 0x000002357f28c4b0


---------------  P R O C E S S  ---------------

Threads class SMR info:
_java_thread_list=0x000002357f2bdb10, length=19, elements={
0x000002357d730740, 0x000002357d7315c0, 0x000002357d878490, 0x000002357d87d230,
0x000002357d87ec00, 0x000002357d87f5c0, 0x000002357d74f3e0, 0x000002357d750d00,
0x000002357d9b5da0, 0x000002357d9bba70, 0x000002357efcf090, 0x000002357f28c4b0,
0x000002357f28e310, 0x000002357f28e820, 0x000002357f28ced0, 0x000002357f28bfa0,
0x000002357f28de00, 0x000002357f28d8f0, 0x000002357f28b070
}

Java Threads: ( => current thread )
  0x000002357d730740 JavaThread "Reference Handler" daemon [_thread_blocked, id=90268, stack(0x000000a2de600000,0x000000a2de700000)]
  0x000002357d7315c0 JavaThread "Finalizer" daemon [_thread_blocked, id=1432, stack(0x000000a2de700000,0x000000a2de800000)]
  0x000002357d878490 JavaThread "Signal Dispatcher" daemon [_thread_blocked, id=155896, stack(0x000000a2de800000,0x000000a2de900000)]
  0x000002357d87d230 JavaThread "Attach Listener" daemon [_thread_blocked, id=180388, stack(0x000000a2de900000,0x000000a2dea00000)]
  0x000002357d87ec00 JavaThread "Service Thread" daemon [_thread_blocked, id=177824, stack(0x000000a2dea00000,0x000000a2deb00000)]
  0x000002357d87f5c0 JavaThread "Monitor Deflation Thread" daemon [_thread_blocked, id=178152, stack(0x000000a2deb00000,0x000000a2dec00000)]
  0x000002357d74f3e0 JavaThread "C1 CompilerThread0" daemon [_thread_blocked, id=156524, stack(0x000000a2dec00000,0x000000a2ded00000)]
  0x000002357d750d00 JavaThread "Sweeper thread" daemon [_thread_blocked, id=151712, stack(0x000000a2ded00000,0x000000a2dee00000)]
  0x000002357d9b5da0 JavaThread "Notification Thread" daemon [_thread_blocked, id=180860, stack(0x000000a2def00000,0x000000a2df000000)]
  0x000002357d9bba70 JavaThread "Common-Cleaner" daemon [_thread_blocked, id=180600, stack(0x000000a2df100000,0x000000a2df200000)]
  0x000002357efcf090 JavaThread "boundedElastic-evictor-1" daemon [_thread_blocked, id=179984, stack(0x000000a2df700000,0x000000a2df800000)]
  0x000002357f28c4b0 JavaThread "pool-13-thread-1" [_thread_blocked, id=180264, stack(0x000000a2df800000,0x000000a2df900000)]
  0x000002357f28e310 JavaThread "LanguageServerApp-lifecycle" [_thread_blocked, id=181164, stack(0x000000a2dde00000,0x000000a2ddf00000)]
  0x000002357f28e820 JavaThread "DestroyJavaVM" [_thread_blocked, id=179848, stack(0x000000a2ddf00000,0x000000a2de000000)]
  0x000002357f28ced0 JavaThread "pool-14-thread-1" [_thread_in_native, id=93820, stack(0x000000a2df900000,0x000000a2dfa00000)]
  0x000002357f28bfa0 JavaThread "Simple-Language-Server main thread" daemon [_thread_blocked, id=175960, stack(0x000000a2dfa00000,0x000000a2dfb00000)]
  0x000002357f28de00 JavaThread "parallel-1" daemon [_thread_blocked, id=93200, stack(0x000000a2dfd00000,0x000000a2dfe00000)]
  0x000002357f28d8f0 JavaThread "pool-6-thread-1" [_thread_blocked, id=91616, stack(0x000000a2dfe00000,0x000000a2dff00000)]
  0x000002357f28b070 JavaThread "parallel-2" daemon [_thread_blocked, id=179284, stack(0x000000a2dff00000,0x000000a2e0000000)]

Other Threads:
=>0x000002357d6db570 VMThread "VM Thread" [stack: 0x000000a2de500000,0x000000a2de600000] [id=152496]
  0x000002357d9b8290 WatcherThread [stack: 0x000000a2df000000,0x000000a2df100000] [id=179912]
  0x0000023571210880 GCTaskThread "GC Thread#0" [stack: 0x000000a2de000000,0x000000a2de100000] [id=7764]
  0x000002357e0b9c50 GCTaskThread "GC Thread#1" [stack: 0x000000a2df200000,0x000000a2df300000] [id=181188]
  0x000002357e0b9f10 GCTaskThread "GC Thread#2" [stack: 0x000000a2df300000,0x000000a2df400000] [id=181192]
  0x000002357e383020 GCTaskThread "GC Thread#3" [stack: 0x000000a2df400000,0x000000a2df500000] [id=178208]
  0x00000235712197d0 ConcurrentGCThread "G1 Main Marker" [stack: 0x000000a2de100000,0x000000a2de200000] [id=156500]
  0x000002357121a1f0 ConcurrentGCThread "G1 Conc#0" [stack: 0x000000a2de200000,0x000000a2de300000] [id=149572]
  0x000002357127e290 ConcurrentGCThread "G1 Refine#0" [stack: 0x000000a2de300000,0x000000a2de400000] [id=93796]
  0x000002357d5860c0 ConcurrentGCThread "G1 Service" [stack: 0x000000a2de400000,0x000000a2de500000] [id=180528]

Threads with active compile tasks:

VM state: at safepoint (normal execution)

VM Mutex/Monitor currently owned by a thread:  ([mutex/lock_event])
[0x00000235711d13a0] Threads_lock - owner thread: 0x000002357d6db570
[0x00000235711d0740] Heap_lock - owner thread: 0x000002357f28c4b0

Heap address: 0x00000000c0000000, size: 1024 MB, Compressed Oops mode: 32-bit

CDS archive(s) not mapped
Compressed class space mapped at: 0x0000000100000000-0x0000000140000000, reserved size: 1073741824
Narrow klass base: 0x0000000000000000, Narrow klass shift: 3, Narrow klass range: 0x140000000

GC Precious Log:
 CPUs: 4 total, 4 available
 Memory: 8085M
 Large Page Support: Disabled
 NUMA Support: Disabled
 Compressed Oops: Enabled (32-bit)
 Heap Region Size: 1M
 Heap Min Capacity: 8M
 Heap Initial Capacity: 128M
 Heap Max Capacity: 1G
 Pre-touch: Disabled
 Parallel Workers: 4
 Concurrent Workers: 1
 Concurrent Refinement Workers: 4
 Periodic GC: Disabled

Heap:
 garbage-first heap   total 71680K, used 28428K [0x00000000c0000000, 0x0000000100000000)
  region size 1024K, 1 young (1024K), 0 survivors (0K)
 Metaspace       used 49393K, committed 50112K, reserved 1114112K
  class space    used 6437K, committed 6720K, reserved 1048576K

Heap Regions: E=young(eden), S=young(survivor), O=old, HS=humongous(starts), HC=humongous(continues), CS=collection set, F=free, OA=open archive, CA=closed archive, TAMS=top-at-mark-start (previous, next)
|   0|0x00000000c0000000, 0x00000000c0100000, 0x00000000c0100000|100%|HS|  |TAMS 0x00000000c0100000, 0x00000000c0000000| Untracked 
|   1|0x00000000c0100000, 0x00000000c0200000, 0x00000000c0200000|100%|HC|  |TAMS 0x00000000c0200000, 0x00000000c0100000| Untracked 
|   2|0x00000000c0200000, 0x00000000c0300000, 0x00000000c0300000|100%|HC|  |TAMS 0x00000000c0300000, 0x00000000c0200000| Untracked 
|   3|0x00000000c0300000, 0x00000000c0400000, 0x00000000c0400000|100%|HC|  |TAMS 0x00000000c0400000, 0x00000000c0300000| Untracked 
|   4|0x00000000c0400000, 0x00000000c0500000, 0x00000000c0500000|100%|HS|  |TAMS 0x00000000c0500000, 0x00000000c0400000| Untracked 
|   5|0x00000000c0500000, 0x00000000c0600000, 0x00000000c0600000|100%|HC|  |TAMS 0x00000000c0600000, 0x00000000c0500000| Untracked 
|   6|0x00000000c0600000, 0x00000000c0700000, 0x00000000c0700000|100%| O|  |TAMS 0x00000000c0700000, 0x00000000c0600000| Untracked 
|   7|0x00000000c0700000, 0x00000000c07fffe8, 0x00000000c0800000| 99%| O|  |TAMS 0x00000000c07fffe8, 0x00000000c0700000| Untracked 
|   8|0x00000000c0800000, 0x00000000c0900000, 0x00000000c0900000|100%| O|  |TAMS 0x00000000c0900000, 0x00000000c0800000| Untracked 
|   9|0x00000000c0900000, 0x00000000c09fffd8, 0x00000000c0a00000| 99%| O|  |TAMS 0x00000000c09fffd8, 0x00000000c0900000| Untracked 
|  10|0x00000000c0a00000, 0x00000000c0b00000, 0x00000000c0b00000|100%| O|  |TAMS 0x00000000c0b00000, 0x00000000c0a00000| Untracked 
|  11|0x00000000c0b00000, 0x00000000c0c00000, 0x00000000c0c00000|100%| O|  |TAMS 0x00000000c0c00000, 0x00000000c0b00000| Untracked 
|  12|0x00000000c0c00000, 0x00000000c0cfe730, 0x00000000c0d00000| 99%| O|  |TAMS 0x00000000c0cfe730, 0x00000000c0c00000| Untracked 
|  13|0x00000000c0d00000, 0x00000000c0e00000, 0x00000000c0e00000|100%| O|  |TAMS 0x00000000c0e00000, 0x00000000c0d00000| Untracked 
|  14|0x00000000c0e00000, 0x00000000c0f00000, 0x00000000c0f00000|100%| O|  |TAMS 0x00000000c0f00000, 0x00000000c0e00000| Untracked 
|  15|0x00000000c0f00000, 0x00000000c0ffffe8, 0x00000000c1000000| 99%| O|  |TAMS 0x00000000c0ffffe8, 0x00000000c0f00000| Untracked 
|  16|0x00000000c1000000, 0x00000000c10ff9f8, 0x00000000c1100000| 99%| O|  |TAMS 0x00000000c10ff9f8, 0x00000000c1000000| Untracked 
|  17|0x00000000c1100000, 0x00000000c11ffff8, 0x00000000c1200000| 99%| O|  |TAMS 0x00000000c11ffff8, 0x00000000c1100000| Untracked 
|  18|0x00000000c1200000, 0x00000000c12ffd10, 0x00000000c1300000| 99%| O|  |TAMS 0x00000000c12ffd10, 0x00000000c1200000| Untracked 
|  19|0x00000000c1300000, 0x00000000c1400000, 0x00000000c1400000|100%| O|  |TAMS 0x00000000c1400000, 0x00000000c1300000| Untracked 
|  20|0x00000000c1400000, 0x00000000c14fe8a8, 0x00000000c1500000| 99%| O|  |TAMS 0x00000000c14fe8a8, 0x00000000c1400000| Untracked 
|  21|0x00000000c1500000, 0x00000000c159f750, 0x00000000c1600000| 62%| O|  |TAMS 0x00000000c1500000, 0x00000000c1500000| Untracked 
|  22|0x00000000c1600000, 0x00000000c16fff70, 0x00000000c1700000| 99%| O|  |TAMS 0x00000000c16fff70, 0x00000000c1600000| Untracked 
|  23|0x00000000c1700000, 0x00000000c17fffc0, 0x00000000c1800000| 99%| O|  |TAMS 0x00000000c17fffc0, 0x00000000c1700000| Untracked 
|  24|0x00000000c1800000, 0x00000000c18fffe8, 0x00000000c1900000| 99%| O|  |TAMS 0x00000000c18fffe8, 0x00000000c1800000| Untracked 
|  25|0x00000000c1900000, 0x00000000c19ffeb0, 0x00000000c1a00000| 99%| O|  |TAMS 0x00000000c19ffeb0, 0x00000000c1900000| Untracked 
|  26|0x00000000c1a00000, 0x00000000c1a274e8, 0x00000000c1b00000| 15%| O|  |TAMS 0x00000000c1a00000, 0x00000000c1a00000| Untracked 
|  27|0x00000000c1b00000, 0x00000000c1bffff8, 0x00000000c1c00000| 99%| O|  |TAMS 0x00000000c1bffff8, 0x00000000c1b00000| Untracked 
|  28|0x00000000c1c00000, 0x00000000c1c00000, 0x00000000c1d00000|  0%| F|  |TAMS 0x00000000c1c00000, 0x00000000c1c00000| Untracked 
|  29|0x00000000c1d00000, 0x00000000c1d00000, 0x00000000c1e00000|  0%| F|  |TAMS 0x00000000c1d00000, 0x00000000c1d00000| Untracked 
|  30|0x00000000c1e00000, 0x00000000c1e00000, 0x00000000c1f00000|  0%| F|  |TAMS 0x00000000c1e00000, 0x00000000c1e00000| Untracked 
|  31|0x00000000c1f00000, 0x00000000c1f00000, 0x00000000c2000000|  0%| F|  |TAMS 0x00000000c1f00000, 0x00000000c1f00000| Untracked 
|  32|0x00000000c2000000, 0x00000000c2000000, 0x00000000c2100000|  0%| F|  |TAMS 0x00000000c2000000, 0x00000000c2000000| Untracked 
|  33|0x00000000c2100000, 0x00000000c2100000, 0x00000000c2200000|  0%| F|  |TAMS 0x00000000c2100000, 0x00000000c2100000| Untracked 
|  34|0x00000000c2200000, 0x00000000c2200000, 0x00000000c2300000|  0%| F|  |TAMS 0x00000000c2200000, 0x00000000c2200000| Untracked 
|  35|0x00000000c2300000, 0x00000000c2300000, 0x00000000c2400000|  0%| F|  |TAMS 0x00000000c2300000, 0x00000000c2300000| Untracked 
|  36|0x00000000c2400000, 0x00000000c2400000, 0x00000000c2500000|  0%| F|  |TAMS 0x00000000c2400000, 0x00000000c2400000| Untracked 
|  37|0x00000000c2500000, 0x00000000c2500000, 0x00000000c2600000|  0%| F|  |TAMS 0x00000000c2500000, 0x00000000c2500000| Untracked 
|  38|0x00000000c2600000, 0x00000000c2600000, 0x00000000c2700000|  0%| F|  |TAMS 0x00000000c2600000, 0x00000000c2600000| Untracked 
|  39|0x00000000c2700000, 0x00000000c2700000, 0x00000000c2800000|  0%| F|  |TAMS 0x00000000c2700000, 0x00000000c2700000| Untracked 
|  40|0x00000000c2800000, 0x00000000c2800000, 0x00000000c2900000|  0%| F|  |TAMS 0x00000000c2800000, 0x00000000c2800000| Untracked 
|  41|0x00000000c2900000, 0x00000000c2900000, 0x00000000c2a00000|  0%| F|  |TAMS 0x00000000c2900000, 0x00000000c2900000| Untracked 
|  42|0x00000000c2a00000, 0x00000000c2a00000, 0x00000000c2b00000|  0%| F|  |TAMS 0x00000000c2a00000, 0x00000000c2a00000| Untracked 
|  43|0x00000000c2b00000, 0x00000000c2b00000, 0x00000000c2c00000|  0%| F|  |TAMS 0x00000000c2b00000, 0x00000000c2b00000| Untracked 
|  44|0x00000000c2c00000, 0x00000000c2c00000, 0x00000000c2d00000|  0%| F|  |TAMS 0x00000000c2c00000, 0x00000000c2c00000| Untracked 
|  45|0x00000000c2d00000, 0x00000000c2d00000, 0x00000000c2e00000|  0%| F|  |TAMS 0x00000000c2d00000, 0x00000000c2d00000| Untracked 
|  46|0x00000000c2e00000, 0x00000000c2e00000, 0x00000000c2f00000|  0%| F|  |TAMS 0x00000000c2e00000, 0x00000000c2e00000| Untracked 
|  47|0x00000000c2f00000, 0x00000000c3000000, 0x00000000c3000000|100%| O|  |TAMS 0x00000000c3000000, 0x00000000c2f00000| Untracked 
|  48|0x00000000c3000000, 0x00000000c3000000, 0x00000000c3100000|  0%| F|  |TAMS 0x00000000c3000000, 0x00000000c3000000| Untracked 
|  49|0x00000000c3100000, 0x00000000c3100000, 0x00000000c3200000|  0%| F|  |TAMS 0x00000000c3100000, 0x00000000c3100000| Untracked 
|  50|0x00000000c3200000, 0x00000000c3200000, 0x00000000c3300000|  0%| F|  |TAMS 0x00000000c3200000, 0x00000000c3200000| Untracked 
|  51|0x00000000c3300000, 0x00000000c3300000, 0x00000000c3400000|  0%| F|  |TAMS 0x00000000c3300000, 0x00000000c3300000| Untracked 
|  52|0x00000000c3400000, 0x00000000c3400000, 0x00000000c3500000|  0%| F|  |TAMS 0x00000000c3400000, 0x00000000c3400000| Untracked 
|  53|0x00000000c3500000, 0x00000000c3500000, 0x00000000c3600000|  0%| F|  |TAMS 0x00000000c3500000, 0x00000000c3500000| Untracked 
|  54|0x00000000c3600000, 0x00000000c3600000, 0x00000000c3700000|  0%| F|  |TAMS 0x00000000c3600000, 0x00000000c3600000| Untracked 
|  55|0x00000000c3700000, 0x00000000c3700000, 0x00000000c3800000|  0%| F|  |TAMS 0x00000000c3700000, 0x00000000c3700000| Untracked 
|  56|0x00000000c3800000, 0x00000000c3800000, 0x00000000c3900000|  0%| F|  |TAMS 0x00000000c3800000, 0x00000000c3800000| Untracked 
|  57|0x00000000c3900000, 0x00000000c3900000, 0x00000000c3a00000|  0%| F|  |TAMS 0x00000000c3900000, 0x00000000c3900000| Untracked 
|  58|0x00000000c3a00000, 0x00000000c3a00000, 0x00000000c3b00000|  0%| F|  |TAMS 0x00000000c3a00000, 0x00000000c3a00000| Untracked 
|  59|0x00000000c3b00000, 0x00000000c3b00000, 0x00000000c3c00000|  0%| F|  |TAMS 0x00000000c3b00000, 0x00000000c3b00000| Untracked 
|  60|0x00000000c3c00000, 0x00000000c3c00000, 0x00000000c3d00000|  0%| F|  |TAMS 0x00000000c3c00000, 0x00000000c3c00000| Untracked 
|  61|0x00000000c3d00000, 0x00000000c3d00000, 0x00000000c3e00000|  0%| F|  |TAMS 0x00000000c3d00000, 0x00000000c3d00000| Untracked 
|  62|0x00000000c3e00000, 0x00000000c3e00000, 0x00000000c3f00000|  0%| F|  |TAMS 0x00000000c3e00000, 0x00000000c3e00000| Untracked 
|  63|0x00000000c3f00000, 0x00000000c3f00000, 0x00000000c4000000|  0%| F|  |TAMS 0x00000000c3f00000, 0x00000000c3f00000| Untracked 
|  92|0x00000000c5c00000, 0x00000000c5c00000, 0x00000000c5d00000|  0%| F|  |TAMS 0x00000000c5c00000, 0x00000000c5c00000| Untracked 
|  93|0x00000000c5d00000, 0x00000000c5d00000, 0x00000000c5e00000|  0%| F|  |TAMS 0x00000000c5d00000, 0x00000000c5d00000| Untracked 
|  94|0x00000000c5e00000, 0x00000000c5e00000, 0x00000000c5f00000|  0%| F|  |TAMS 0x00000000c5e00000, 0x00000000c5e00000| Untracked 
|  95|0x00000000c5f00000, 0x00000000c5f00000, 0x00000000c6000000|  0%| F|  |TAMS 0x00000000c5f00000, 0x00000000c5f00000| Untracked 
|  96|0x00000000c6000000, 0x00000000c6000000, 0x00000000c6100000|  0%| F|  |TAMS 0x00000000c6000000, 0x00000000c6000000| Untracked 
|  97|0x00000000c6100000, 0x00000000c611ad48, 0x00000000c6200000| 10%| E|  |TAMS 0x00000000c6100000, 0x00000000c6100000| Complete 

Card table byte_map: [0x0000023578d00000,0x0000023578f00000] _byte_map_base: 0x0000023578700000

Marking Bits (Prev, Next): (CMBitMap*) 0x0000023571210ea0, (CMBitMap*) 0x0000023571210ee0
 Prev Bits: [0x0000023579100000, 0x000002357a100000)
 Next Bits: [0x000002357a100000, 0x000002357b100000)

Polling page: 0x0000023571280000

Metaspace:

Usage:
  Non-class:     41.95 MB used.
      Class:      6.29 MB used.
       Both:     48.24 MB used.

Virtual space:
  Non-class space:       64.00 MB reserved,      42.38 MB ( 66%) committed,  1 nodes.
      Class space:        1.00 GB reserved,       6.56 MB ( <1%) committed,  1 nodes.
             Both:        1.06 GB reserved,      48.94 MB (  4%) committed. 

Chunk freelists:
   Non-Class:  5.56 MB
       Class:  9.53 MB
        Both:  15.09 MB

MaxMetaspaceSize: unlimited
CompressedClassSpaceSize: 1.00 GB
Initial GC threshold: 21.00 MB
Current GC threshold: 81.56 MB
CDS: off
MetaspaceReclaimPolicy: balanced
 - commit_granule_bytes: 65536.
 - commit_granule_words: 8192.
 - virtual_space_node_default_size: 8388608.
 - enlarge_chunks_in_place: 1.
 - new_chunks_are_fully_committed: 0.
 - uncommit_free_chunks: 1.
 - use_allocation_guard: 0.
 - handle_deallocations: 1.


Internal statistics:

num_allocs_failed_limit: 6.
num_arena_births: 614.
num_arena_deaths: 228.
num_vsnodes_births: 2.
num_vsnodes_deaths: 0.
num_space_committed: 782.
num_space_uncommitted: 0.
num_chunks_returned_to_freelist: 272.
num_chunks_taken_from_freelist: 2077.
num_chunk_merges: 96.
num_chunk_splits: 1418.
num_chunks_enlarged: 1064.
num_inconsistent_stats: 0.

CodeCache: size=49152Kb used=8079Kb max_used=8079Kb free=41072Kb
 bounds [0x0000023575650000, 0x0000023575e40000, 0x0000023578650000]
 total_blobs=5055 nmethods=4457 adapters=525
 compilation: enabled
              stopped_count=0, restarted_count=0
 full_count=0

Compilation events (20 events):
Event: 115.028 Thread 0x000002357d74f3e0 4448       1       java.lang.Module::getName (5 bytes)
Event: 115.028 Thread 0x000002357d74f3e0 nmethod 4448 0x0000023575e31290 code [0x0000023575e31420, 0x0000023575e314f8]
Event: 138.639 Thread 0x000002357d74f3e0 4449       1       java.lang.StackTraceElement::getClassName (5 bytes)
Event: 138.639 Thread 0x000002357d74f3e0 nmethod 4449 0x0000023575e31590 code [0x0000023575e31720, 0x0000023575e317f8]
Event: 149.623 Thread 0x000002357d74f3e0 4450       1       java.lang.ModuleLayer::boot (4 bytes)
Event: 149.624 Thread 0x000002357d74f3e0 nmethod 4450 0x0000023575e31890 code [0x0000023575e31a20, 0x0000023575e31ad8]
Event: 149.630 Thread 0x000002357d74f3e0 4451       1       java.lang.StackTraceElement::getMethodName (5 bytes)
Event: 149.630 Thread 0x000002357d74f3e0 nmethod 4451 0x0000023575e31b90 code [0x0000023575e31d20, 0x0000023575e31df8]
Event: 173.716 Thread 0x000002357d74f3e0 4453       1       java.util.concurrent.ThreadPoolExecutor::workerCountOf (5 bytes)
Event: 173.716 Thread 0x000002357d74f3e0 nmethod 4453 0x0000023575e32290 code [0x0000023575e32420, 0x0000023575e324d8]
Event: 177.059 Thread 0x000002357d74f3e0 4454       1       java.util.concurrent.locks.AbstractQueuedSynchronizer::release (19 bytes)
Event: 177.060 Thread 0x000002357d74f3e0 nmethod 4454 0x0000023575e32590 code [0x0000023575e32740, 0x0000023575e32938]
Event: 217.596 Thread 0x000002357d74f3e0 4455       1       java.lang.StackTraceElement::<init> (10 bytes)
Event: 217.596 Thread 0x000002357d74f3e0 nmethod 4455 0x0000023575e32a90 code [0x0000023575e32c20, 0x0000023575e32cf8]
Event: 217.597 Thread 0x000002357d74f3e0 4456  s!   1       java.lang.StackTraceElement::computeFormat (71 bytes)
Event: 217.597 Thread 0x000002357d74f3e0 nmethod 4456 0x0000023575e32d90 code [0x0000023575e32f40, 0x0000023575e332b8]
Event: 217.598 Thread 0x000002357d74f3e0 4457       1       java.lang.StackTraceElement::isHashedInJavaBase (31 bytes)
Event: 217.598 Thread 0x000002357d74f3e0 nmethod 4457 0x0000023575e33490 code [0x0000023575e33640, 0x0000023575e337f8]
Event: 217.598 Thread 0x000002357d74f3e0 4458       1       java.lang.Module::getLayer (43 bytes)
Event: 217.598 Thread 0x000002357d74f3e0 nmethod 4458 0x0000023575e33910 code [0x0000023575e33ac0, 0x0000023575e33c68]

GC Heap History (20 events):
Event: 139.610 GC heap after
{Heap after GC invocations=18 (full 7):
 garbage-first heap   total 71680K, used 28428K [0x00000000c0000000, 0x0000000100000000)
  region size 1024K, 0 young (0K), 0 survivors (0K)
 Metaspace       used 49393K, committed 50112K, reserved 1114112K
  class space    used 6437K, committed 6720K, reserved 1048576K
}
Event: 151.002 GC heap before
{Heap before GC invocations=18 (full 7):
 garbage-first heap   total 71680K, used 28428K [0x00000000c0000000, 0x0000000100000000)
  region size 1024K, 1 young (1024K), 0 survivors (0K)
 Metaspace       used 49393K, committed 50112K, reserved 1114112K
  class space    used 6437K, committed 6720K, reserved 1048576K
}
Event: 151.047 GC heap after
{Heap after GC invocations=19 (full 8):
 garbage-first heap   total 71680K, used 28428K [0x00000000c0000000, 0x0000000100000000)
  region size 1024K, 0 young (0K), 0 survivors (0K)
 Metaspace       used 49393K, committed 50112K, reserved 1114112K
  class space    used 6437K, committed 6720K, reserved 1048576K
}
Event: 162.196 GC heap before
{Heap before GC invocations=19 (full 8):
 garbage-first heap   total 71680K, used 28428K [0x00000000c0000000, 0x0000000100000000)
  region size 1024K, 1 young (1024K), 0 survivors (0K)
 Metaspace       used 49393K, committed 50112K, reserved 1114112K
  class space    used 6437K, committed 6720K, reserved 1048576K
}
Event: 162.233 GC heap after
{Heap after GC invocations=20 (full 9):
 garbage-first heap   total 71680K, used 28428K [0x00000000c0000000, 0x0000000100000000)
  region size 1024K, 0 young (0K), 0 survivors (0K)
 Metaspace       used 49393K, committed 50112K, reserved 1114112K
  class space    used 6437K, committed 6720K, reserved 1048576K
}
Event: 173.667 GC heap before
{Heap before GC invocations=20 (full 9):
 garbage-first heap   total 71680K, used 28428K [0x00000000c0000000, 0x0000000100000000)
  region size 1024K, 1 young (1024K), 0 survivors (0K)
 Metaspace       used 49393K, committed 50112K, reserved 1114112K
  class space    used 6437K, committed 6720K, reserved 1048576K
}
Event: 173.716 GC heap after
{Heap after GC invocations=21 (full 10):
 garbage-first heap   total 71680K, used 28428K [0x00000000c0000000, 0x0000000100000000)
  region size 1024K, 0 young (0K), 0 survivors (0K)
 Metaspace       used 49393K, committed 50112K, reserved 1114112K
  class space    used 6437K, committed 6720K, reserved 1048576K
}
Event: 184.933 GC heap before
{Heap before GC invocations=21 (full 10):
 garbage-first heap   total 71680K, used 28428K [0x00000000c0000000, 0x0000000100000000)
  region size 1024K, 1 young (1024K), 0 survivors (0K)
 Metaspace       used 49393K, committed 50112K, reserved 1114112K
  class space    used 6437K, committed 6720K, reserved 1048576K
}
Event: 184.977 GC heap after
{Heap after GC invocations=22 (full 11):
 garbage-first heap   total 71680K, used 28428K [0x00000000c0000000, 0x0000000100000000)
  region size 1024K, 0 young (0K), 0 survivors (0K)
 Metaspace       used 49393K, committed 50112K, reserved 1114112K
  class space    used 6437K, committed 6720K, reserved 1048576K
}
Event: 196.696 GC heap before
{Heap before GC invocations=22 (full 11):
 garbage-first heap   total 71680K, used 28428K [0x00000000c0000000, 0x0000000100000000)
  region size 1024K, 1 young (1024K), 0 survivors (0K)
 Metaspace       used 49393K, committed 50112K, reserved 1114112K
  class space    used 6437K, committed 6720K, reserved 1048576K
}
Event: 196.741 GC heap after
{Heap after GC invocations=23 (full 12):
 garbage-first heap   total 71680K, used 28428K [0x00000000c0000000, 0x0000000100000000)
  region size 1024K, 0 young (0K), 0 survivors (0K)
 Metaspace       used 49393K, committed 50112K, reserved 1114112K
  class space    used 6437K, committed 6720K, reserved 1048576K
}
Event: 207.535 GC heap before
{Heap before GC invocations=23 (full 12):
 garbage-first heap   total 71680K, used 28428K [0x00000000c0000000, 0x0000000100000000)
  region size 1024K, 1 young (1024K), 0 survivors (0K)
 Metaspace       used 49393K, committed 50112K, reserved 1114112K
  class space    used 6437K, committed 6720K, reserved 1048576K
}
Event: 207.587 GC heap after
{Heap after GC invocations=24 (full 13):
 garbage-first heap   total 71680K, used 28428K [0x00000000c0000000, 0x0000000100000000)
  region size 1024K, 0 young (0K), 0 survivors (0K)
 Metaspace       used 49393K, committed 50112K, reserved 1114112K
  class space    used 6437K, committed 6720K, reserved 1048576K
}
Event: 219.047 GC heap before
{Heap before GC invocations=24 (full 13):
 garbage-first heap   total 71680K, used 28428K [0x00000000c0000000, 0x0000000100000000)
  region size 1024K, 1 young (1024K), 0 survivors (0K)
 Metaspace       used 49393K, committed 50112K, reserved 1114112K
  class space    used 6437K, committed 6720K, reserved 1048576K
}
Event: 219.098 GC heap after
{Heap after GC invocations=25 (full 14):
 garbage-first heap   total 71680K, used 28428K [0x00000000c0000000, 0x0000000100000000)
  region size 1024K, 0 young (0K), 0 survivors (0K)
 Metaspace       used 49393K, committed 50112K, reserved 1114112K
  class space    used 6437K, committed 6720K, reserved 1048576K
}
Event: 231.484 GC heap before
{Heap before GC invocations=25 (full 14):
 garbage-first heap   total 71680K, used 28428K [0x00000000c0000000, 0x0000000100000000)
  region size 1024K, 1 young (1024K), 0 survivors (0K)
 Metaspace       used 49393K, committed 50112K, reserved 1114112K
  class space    used 6437K, committed 6720K, reserved 1048576K
}
Event: 231.534 GC heap after
{Heap after GC invocations=26 (full 15):
 garbage-first heap   total 71680K, used 28428K [0x00000000c0000000, 0x0000000100000000)
  region size 1024K, 0 young (0K), 0 survivors (0K)
 Metaspace       used 49393K, committed 50112K, reserved 1114112K
  class space    used 6437K, committed 6720K, reserved 1048576K
}
Event: 242.889 GC heap before
{Heap before GC invocations=26 (full 15):
 garbage-first heap   total 71680K, used 28428K [0x00000000c0000000, 0x0000000100000000)
  region size 1024K, 1 young (1024K), 0 survivors (0K)
 Metaspace       used 49393K, committed 50112K, reserved 1114112K
  class space    used 6437K, committed 6720K, reserved 1048576K
}
Event: 242.938 GC heap after
{Heap after GC invocations=27 (full 16):
 garbage-first heap   total 71680K, used 28428K [0x00000000c0000000, 0x0000000100000000)
  region size 1024K, 0 young (0K), 0 survivors (0K)
 Metaspace       used 49393K, committed 50112K, reserved 1114112K
  class space    used 6437K, committed 6720K, reserved 1048576K
}
Event: 253.660 GC heap before
{Heap before GC invocations=27 (full 16):
 garbage-first heap   total 71680K, used 28428K [0x00000000c0000000, 0x0000000100000000)
  region size 1024K, 1 young (1024K), 0 survivors (0K)
 Metaspace       used 49393K, committed 50112K, reserved 1114112K
  class space    used 6437K, committed 6720K, reserved 1048576K
}

Dll operation events (10 events):
Event: 0.051 Loaded shared library c:\Users\Admin\.vscode\extensions\redhat.java-1.34.0-win32-x64\jre\17.0.12-win32-x86_64\bin\java.dll
Event: 0.940 Loaded shared library C:\Users\Admin\.vscode\extensions\redhat.java-1.34.0-win32-x64\jre\17.0.12-win32-x86_64\bin\net.dll
Event: 0.953 Loaded shared library C:\Users\Admin\.vscode\extensions\redhat.java-1.34.0-win32-x64\jre\17.0.12-win32-x86_64\bin\nio.dll
Event: 0.978 Loaded shared library C:\Users\Admin\.vscode\extensions\redhat.java-1.34.0-win32-x64\jre\17.0.12-win32-x86_64\bin\zip.dll
Event: 4.479 Loaded shared library C:\Users\Admin\.vscode\extensions\redhat.java-1.34.0-win32-x64\jre\17.0.12-win32-x86_64\bin\jimage.dll
Event: 11.189 Loaded shared library c:\Users\Admin\.vscode\extensions\redhat.java-1.34.0-win32-x64\jre\17.0.12-win32-x86_64\bin\verify.dll
Event: 29.283 Loaded shared library C:\Users\Admin\.vscode\extensions\redhat.java-1.34.0-win32-x64\jre\17.0.12-win32-x86_64\bin\management.dll
Event: 30.205 Loaded shared library C:\Users\Admin\.vscode\extensions\redhat.java-1.34.0-win32-x64\jre\17.0.12-win32-x86_64\bin\management_ext.dll
Event: 33.420 Loaded shared library C:\Users\Admin\.vscode\extensions\redhat.java-1.34.0-win32-x64\jre\17.0.12-win32-x86_64\bin\sunmscapi.dll
Event: 33.513 Loaded shared library C:\Users\Admin\.vscode\extensions\redhat.java-1.34.0-win32-x64\jre\17.0.12-win32-x86_64\bin\extnet.dll

Deoptimization events (6 events):
Event: 32.150 Thread 0x000002357f28bfa0 DEOPT PACKING pc=0x0000023575b17a01 sp=0x000000a2dfafde40
Event: 32.150 Thread 0x000002357f28bfa0 DEOPT UNPACKING pc=0x00000235756a7143 sp=0x000000a2dfafd2d0 mode 3
Event: 32.150 Thread 0x000002357f28d8f0 DEOPT PACKING pc=0x0000023575afba97 sp=0x000000a2dfeff0d0
Event: 32.150 Thread 0x000002357f28d8f0 DEOPT UNPACKING pc=0x00000235756a7143 sp=0x000000a2dfefe528 mode 3
Event: 33.052 Thread 0x000002357f28b580 DEOPT PACKING pc=0x00000235759e350c sp=0x000000a2e00fae50
Event: 33.052 Thread 0x000002357f28b580 DEOPT UNPACKING pc=0x00000235756a7143 sp=0x000000a2e00fa318 mode 0

Classes loaded (20 events):
Event: 35.836 Loading class sun/security/ssl/PreSharedKeyExtension$CHPreSharedKeySpec
Event: 35.836 Loading class sun/security/ssl/PreSharedKeyExtension$CHPreSharedKeySpec done
Event: 35.836 Loading class sun/security/ssl/PreSharedKeyExtension$PartialClientHelloMessage
Event: 35.836 Loading class sun/security/ssl/PreSharedKeyExtension$PartialClientHelloMessage done
Event: 35.907 Loading class sun/security/ssl/PreSharedKeyExtension$SHPreSharedKeySpec
Event: 35.907 Loading class sun/security/ssl/PreSharedKeyExtension$SHPreSharedKeySpec done
Event: 67.757 Loading class java/lang/ProcessBuilder
Event: 67.847 Loading class java/lang/ProcessBuilder done
Event: 67.847 Loading class java/lang/ProcessImpl
Event: 67.938 Loading class java/lang/ProcessImpl done
Event: 68.694 Loading class java/lang/ProcessImpl$2
Event: 68.694 Loading class java/lang/ProcessImpl$2 done
Event: 68.694 Loading class java/lang/Process$PipeInputStream
Event: 68.694 Loading class java/lang/Process$PipeInputStream done
Event: 68.695 Loading class jdk/internal/event/ProcessStartEvent
Event: 68.695 Loading class jdk/internal/event/ProcessStartEvent done
Event: 70.101 Loading class java/io/FileOutputStream$1
Event: 70.101 Loading class java/io/FileOutputStream$1 done
Event: 71.783 Loading class java/util/LinkedList$LLSpliterator
Event: 71.783 Loading class java/util/LinkedList$LLSpliterator done

Classes unloaded (20 events):
Event: 93.083 Thread 0x000002357d6db570 Unloading class 0x0000000100559400 'java/lang/invoke/LambdaForm$MH+0x0000000100559400'
Event: 93.083 Thread 0x000002357d6db570 Unloading class 0x0000000100551800 'java/lang/invoke/LambdaForm$MH+0x0000000100551800'
Event: 93.083 Thread 0x000002357d6db570 Unloading class 0x0000000100551000 'java/lang/invoke/LambdaForm$MH+0x0000000100551000'
Event: 93.083 Thread 0x000002357d6db570 Unloading class 0x0000000100550c00 'java/lang/invoke/LambdaForm$MH+0x0000000100550c00'
Event: 93.083 Thread 0x000002357d6db570 Unloading class 0x0000000100550800 'java/lang/invoke/LambdaForm$MH+0x0000000100550800'
Event: 93.083 Thread 0x000002357d6db570 Unloading class 0x0000000100550400 'java/lang/invoke/LambdaForm$MH+0x0000000100550400'
Event: 93.083 Thread 0x000002357d6db570 Unloading class 0x0000000100550000 'java/lang/invoke/LambdaForm$MH+0x0000000100550000'
Event: 93.083 Thread 0x000002357d6db570 Unloading class 0x00000001003d6c00 'java/lang/invoke/LambdaForm$MH+0x00000001003d6c00'
Event: 93.083 Thread 0x000002357d6db570 Unloading class 0x00000001003d6400 'java/lang/invoke/LambdaForm$MH+0x00000001003d6400'
Event: 93.083 Thread 0x000002357d6db570 Unloading class 0x00000001003d6000 'java/lang/invoke/LambdaForm$MH+0x00000001003d6000'
Event: 93.083 Thread 0x000002357d6db570 Unloading class 0x00000001003d5c00 'java/lang/invoke/LambdaForm$MH+0x00000001003d5c00'
Event: 93.084 Thread 0x000002357d6db570 Unloading class 0x00000001003d5400 'java/lang/invoke/LambdaForm$MH+0x00000001003d5400'
Event: 93.084 Thread 0x000002357d6db570 Unloading class 0x00000001003d5000 'java/lang/invoke/LambdaForm$MH+0x00000001003d5000'
Event: 93.084 Thread 0x000002357d6db570 Unloading class 0x00000001000ce800 'java/lang/invoke/LambdaForm$MH+0x00000001000ce800'
Event: 93.084 Thread 0x000002357d6db570 Unloading class 0x00000001000ce400 'java/lang/invoke/LambdaForm$MH+0x00000001000ce400'
Event: 93.084 Thread 0x000002357d6db570 Unloading class 0x00000001000ce000 'java/lang/invoke/LambdaForm$MH+0x00000001000ce000'
Event: 93.084 Thread 0x000002357d6db570 Unloading class 0x00000001000cdc00 'java/lang/invoke/LambdaForm$MH+0x00000001000cdc00'
Event: 93.084 Thread 0x000002357d6db570 Unloading class 0x00000001000cd800 'java/lang/invoke/LambdaForm$MH+0x00000001000cd800'
Event: 93.084 Thread 0x000002357d6db570 Unloading class 0x00000001000cd400 'java/lang/invoke/LambdaForm$MH+0x00000001000cd400'
Event: 93.084 Thread 0x000002357d6db570 Unloading class 0x00000001000cbc00 'java/lang/invoke/LambdaForm$MH+0x00000001000cbc00'

Classes redefined (0 events):
No events

Internal exceptions (20 events):
Event: 32.330 Thread 0x000002357f28d8f0 Exception <a 'sun/nio/fs/WindowsException'{0x00000000c5c96f10}> (0x00000000c5c96f10) 
thrown [s\src\hotspot\share\prims\jni.cpp, line 516]
Event: 32.330 Thread 0x000002357f28d8f0 Exception <a 'sun/nio/fs/WindowsException'{0x00000000c5c97820}> (0x00000000c5c97820) 
thrown [s\src\hotspot\share\prims\jni.cpp, line 516]
Event: 32.330 Thread 0x000002357f28d8f0 Exception <a 'sun/nio/fs/WindowsException'{0x00000000c5c98220}> (0x00000000c5c98220) 
thrown [s\src\hotspot\share\prims\jni.cpp, line 516]
Event: 32.331 Thread 0x000002357f28d8f0 Exception <a 'sun/nio/fs/WindowsException'{0x00000000c5c98c68}> (0x00000000c5c98c68) 
thrown [s\src\hotspot\share\prims\jni.cpp, line 516]
Event: 32.335 Thread 0x000002357f28d8f0 Exception <a 'sun/nio/fs/WindowsException'{0x00000000c5c9fee0}> (0x00000000c5c9fee0) 
thrown [s\src\hotspot\share\prims\jni.cpp, line 516]
Event: 32.335 Thread 0x000002357f28d8f0 Exception <a 'sun/nio/fs/WindowsException'{0x00000000c5ca07f0}> (0x00000000c5ca07f0) 
thrown [s\src\hotspot\share\prims\jni.cpp, line 516]
Event: 32.336 Thread 0x000002357f28d8f0 Exception <a 'sun/nio/fs/WindowsException'{0x00000000c5ca10c0}> (0x00000000c5ca10c0) 
thrown [s\src\hotspot\share\prims\jni.cpp, line 516]
Event: 32.336 Thread 0x000002357f28d8f0 Exception <a 'sun/nio/fs/WindowsException'{0x00000000c5ca19d0}> (0x00000000c5ca19d0) 
thrown [s\src\hotspot\share\prims\jni.cpp, line 516]
Event: 32.338 Thread 0x000002357f28d8f0 Exception <a 'sun/nio/fs/WindowsException'{0x00000000c5ca23b0}> (0x00000000c5ca23b0) 
thrown [s\src\hotspot\share\prims\jni.cpp, line 516]
Event: 32.338 Thread 0x000002357f28d8f0 Exception <a 'sun/nio/fs/WindowsException'{0x00000000c5ca2df8}> (0x00000000c5ca2df8) 
thrown [s\src\hotspot\share\prims\jni.cpp, line 516]
Event: 32.727 Thread 0x000002357f28b580 Exception <a 'java/lang/NoSuchMethodError'{0x00000000c3f60238}: 'void java.lang.invoke.DirectMethodHandle$Holder.invokeVirtual(java.lang.Object, java.lang.Object, java.lang.Object, java.lang.Object)'> (0x00000000c3f60238) 
thrown [s\src\hotspot\share\interpreter\linkResolver.cpp, line 759]
Event: 32.812 Thread 0x000002357f28b580 Exception <a 'java/lang/NoSuchMethodError'{0x00000000c3e2f038}: 'java.lang.Object java.lang.invoke.DirectMethodHandle$Holder.invokeStaticInit(java.lang.Object, java.lang.Object, int)'> (0x00000000c3e2f038) 
thrown [s\src\hotspot\share\interpreter\linkResolver.cpp, line 759]
Event: 32.812 Thread 0x000002357f28b580 Exception <a 'java/lang/NoSuchMethodError'{0x00000000c3e35208}: 'java.lang.Object java.lang.invoke.DirectMethodHandle$Holder.newInvokeSpecial(java.lang.Object, java.lang.Object, int)'> (0x00000000c3e35208) 
thrown [s\src\hotspot\share\interpreter\linkResolver.cpp, line 759]
Event: 32.818 Thread 0x000002357f28b580 Exception <a 'java/lang/NoSuchMethodError'{0x00000000c3e549d8}: 'int java.lang.invoke.DirectMethodHandle$Holder.invokeSpecialIFC(java.lang.Object, java.lang.Object, java.lang.Object)'> (0x00000000c3e549d8) 
thrown [s\src\hotspot\share\interpreter\linkResolver.cpp, line 759]
Event: 33.045 Thread 0x000002357f28b580 Exception <a 'sun/nio/fs/WindowsException'{0x00000000c3d5e358}> (0x00000000c3d5e358) 
thrown [s\src\hotspot\share\prims\jni.cpp, line 516]
Event: 33.650 Thread 0x000002357f28b580 Exception <a 'java/lang/NoSuchMethodError'{0x00000000c34edc30}: 'void java.lang.invoke.DirectMethodHandle$Holder.invokeStatic(java.lang.Object, java.lang.Object, java.lang.Object, java.lang.Object, java.lang.Object, java.lang.Object, java.lang.Object)'> (0x00000000c34edc30) 
thrown [s\src\hotspot\share\interpreter\linkResolver.cpp, line 759]
Event: 33.909 Thread 0x000002357f28ba90 Exception <a 'java/lang/NoSuchMethodError'{0x00000000c612d680}: 'int java.lang.invoke.DirectMethodHandle$Holder.invokeStatic(java.lang.Object, int, java.lang.Object)'> (0x00000000c612d680) 
thrown [s\src\hotspot\share\interpreter\linkResolver.cpp, line 759]
Event: 34.110 Thread 0x00000235040fc4e0 Exception <a 'java/lang/NoSuchMethodError'{0x00000000c6074fb8}: 'void java.lang.invoke.DirectMethodHandle$Holder.invokeInterface(java.lang.Object, java.lang.Object)'> (0x00000000c6074fb8) 
thrown [s\src\hotspot\share\interpreter\linkResolver.cpp, line 759]
Event: 68.693 Thread 0x000002357f28c4b0 Exception <a 'java/lang/NoSuchMethodError'{0x00000000c3845520}: 'void java.lang.invoke.DirectMethodHandle$Holder.invokeStatic(java.lang.Object, long)'> (0x00000000c3845520) 
thrown [s\src\hotspot\share\interpreter\linkResolver.cpp, line 759]
Event: 68.693 Thread 0x000002357f28c4b0 Exception <a 'java/lang/NoSuchMethodError'{0x00000000c384a8d0}: 'java.lang.Object java.lang.invoke.DirectMethodHandle$Holder.newInvokeSpecial(java.lang.Object, long)'> (0x00000000c384a8d0) 
thrown [s\src\hotspot\share\interpreter\linkResolver.cpp, line 759]

VM Operations (20 events):
Event: 151.047 Executing VM operation: G1CollectFull done
Event: 162.196 Executing VM operation: G1CollectFull
Event: 162.233 Executing VM operation: G1CollectFull done
Event: 173.667 Executing VM operation: G1CollectFull
Event: 173.716 Executing VM operation: G1CollectFull done
Event: 184.933 Executing VM operation: G1CollectFull
Event: 184.978 Executing VM operation: G1CollectFull done
Event: 185.983 Executing VM operation: Cleanup
Event: 185.983 Executing VM operation: Cleanup done
Event: 196.696 Executing VM operation: G1CollectFull
Event: 196.741 Executing VM operation: G1CollectFull done
Event: 207.535 Executing VM operation: G1CollectFull
Event: 207.587 Executing VM operation: G1CollectFull done
Event: 219.047 Executing VM operation: G1CollectFull
Event: 219.098 Executing VM operation: G1CollectFull done
Event: 231.484 Executing VM operation: G1CollectFull
Event: 231.534 Executing VM operation: G1CollectFull done
Event: 242.889 Executing VM operation: G1CollectFull
Event: 242.938 Executing VM operation: G1CollectFull done
Event: 253.660 Executing VM operation: G1CollectFull

Events (20 events):
Event: 35.826 Thread 0x00000235040f9750 Thread added: 0x00000235040f9750
Event: 35.827 Thread 0x00000235040fb5b0 Thread added: 0x00000235040fb5b0
Event: 36.053 Thread 0x00000235040f5070 Thread added: 0x00000235040f5070
Event: 36.111 Thread 0x00000235040f5fa0 Thread added: 0x00000235040f5fa0
Event: 36.112 Thread 0x00000235040f73e0 Thread added: 0x00000235040f73e0
Event: 47.065 Thread 0x000002357f28b580 Thread exited: 0x000002357f28b580
Event: 71.788 Thread 0x000002357f28ba90 Thread exited: 0x000002357f28ba90
Event: 71.788 Thread 0x00000235040f69c0 Thread exited: 0x00000235040f69c0
Event: 71.788 Thread 0x00000235040fc4e0 Thread exited: 0x00000235040fc4e0
Event: 72.178 Thread 0x00000235040f5580 Thread exited: 0x00000235040f5580
Event: 72.178 Thread 0x00000235040fb5b0 Thread exited: 0x00000235040fb5b0
Event: 72.178 Thread 0x00000235040f9750 Thread exited: 0x00000235040f9750
Event: 72.605 Thread 0x00000235040f5fa0 Thread exited: 0x00000235040f5fa0
Event: 72.605 Thread 0x00000235040f73e0 Thread exited: 0x00000235040f73e0
Event: 72.606 Thread 0x00000235040f5070 Thread exited: 0x00000235040f5070
Event: 91.850 Thread 0x000002357f28d3e0 Thread exited: 0x000002357f28d3e0
Event: 92.713 Thread 0x000002357e705ff0 Thread exited: 0x000002357e705ff0
Event: 93.012 Thread 0x000002357f28c9c0 Thread exited: 0x000002357f28c9c0
Event: 152.725 Thread 0x000002357e24d780 Thread exited: 0x000002357e24d780
Event: 212.753 Thread 0x000002357eb40e80 Thread exited: 0x000002357eb40e80


Dynamic libraries:
0x00007ff7e0620000 - 0x00007ff7e062e000 	c:\Users\Admin\.vscode\extensions\redhat.java-1.34.0-win32-x64\jre\17.0.12-win32-x86_64\bin\java.exe
0x00007ffa3c910000 - 0x00007ffa3cb08000 	C:\Windows\SYSTEM32\ntdll.dll
0x00007ffa3ad30000 - 0x00007ffa3aded000 	C:\Windows\System32\KERNEL32.DLL
0x00007ffa3a520000 - 0x00007ffa3a816000 	C:\Windows\System32\KERNELBASE.dll
0x00007ffa3a320000 - 0x00007ffa3a420000 	C:\Windows\System32\ucrtbase.dll
0x00007ffa2bcf0000 - 0x00007ffa2bd07000 	c:\Users\Admin\.vscode\extensions\redhat.java-1.34.0-win32-x64\jre\17.0.12-win32-x86_64\bin\jli.dll
0x00007ffa3c730000 - 0x00007ffa3c8ce000 	C:\Windows\System32\USER32.dll
0x00007ffa3a150000 - 0x00007ffa3a172000 	C:\Windows\System32\win32u.dll
0x00007ffa3b3d0000 - 0x00007ffa3b3fc000 	C:\Windows\System32\GDI32.dll
0x00007ffa3a1d0000 - 0x00007ffa3a2ea000 	C:\Windows\System32\gdi32full.dll
0x00007ffa3a820000 - 0x00007ffa3a8bd000 	C:\Windows\System32\msvcp_win.dll
0x00007ffa2bc90000 - 0x00007ffa2bcab000 	c:\Users\Admin\.vscode\extensions\redhat.java-1.34.0-win32-x64\jre\17.0.12-win32-x86_64\bin\VCRUNTIME140.dll
0x00007ffa28620000 - 0x00007ffa288ba000 	C:\Windows\WinSxS\amd64_microsoft.windows.common-controls_6595b64144ccf1df_6.0.19041.3636_none_60b6a03d71f818d5\COMCTL32.dll
0x00007ffa3c4c0000 - 0x00007ffa3c55e000 	C:\Windows\System32\msvcrt.dll
0x00007ffa3b9b0000 - 0x00007ffa3b9e0000 	C:\Windows\System32\IMM32.DLL
0x00000000523e0000 - 0x00000000523ec000 	C:\Program Files (x86)\360\Total Security\safemon\SafeWrapper.dll
0x00007ffa3c670000 - 0x00007ffa3c71f000 	C:\Windows\System32\ADVAPI32.dll
0x00007ffa3ae50000 - 0x00007ffa3aeec000 	C:\Windows\System32\sechost.dll
0x00007ffa3b180000 - 0x00007ffa3b2a6000 	C:\Windows\System32\RPCRT4.dll
0x00007ffa0c850000 - 0x00007ffa0c8fc000 	C:\Program Files (x86)\360\Total Security\safemon\libzdtp64.dll
0x00007ffa3bb50000 - 0x00007ffa3c295000 	C:\Windows\System32\SHELL32.dll
0x00007ffa3a970000 - 0x00007ffa3a9c5000 	C:\Windows\System32\SHLWAPI.dll
0x00007ffa39a90000 - 0x00007ffa39a9a000 	C:\Windows\SYSTEM32\VERSION.dll
0x00007ffa331f0000 - 0x00007ffa331fc000 	c:\Users\Admin\.vscode\extensions\redhat.java-1.34.0-win32-x64\jre\17.0.12-win32-x86_64\bin\vcruntime140_1.dll
0x00007ffa1bd30000 - 0x00007ffa1bdbd000 	c:\Users\Admin\.vscode\extensions\redhat.java-1.34.0-win32-x64\jre\17.0.12-win32-x86_64\bin\msvcp140.dll
0x00007ff9e7240000 - 0x00007ff9e7eaa000 	c:\Users\Admin\.vscode\extensions\redhat.java-1.34.0-win32-x64\jre\17.0.12-win32-x86_64\bin\server\jvm.dll
0x00007ffa3c2a0000 - 0x00007ffa3c30b000 	C:\Windows\System32\WS2_32.dll
0x00007ffa39e50000 - 0x00007ffa39e9b000 	C:\Windows\SYSTEM32\POWRPROF.dll
0x00007ffa25850000 - 0x00007ffa25877000 	C:\Windows\SYSTEM32\WINMM.dll
0x00007ffa39e30000 - 0x00007ffa39e42000 	C:\Windows\SYSTEM32\UMPDC.dll
0x00007ffa37d60000 - 0x00007ffa37d72000 	C:\Windows\SYSTEM32\kernel.appcore.dll
0x00007ffa2b8d0000 - 0x00007ffa2b8da000 	c:\Users\Admin\.vscode\extensions\redhat.java-1.34.0-win32-x64\jre\17.0.12-win32-x86_64\bin\jimage.dll
0x00007ffa24300000 - 0x00007ffa244e4000 	C:\Windows\SYSTEM32\DBGHELP.DLL
0x00007ffa1f160000 - 0x00007ffa1f194000 	C:\Windows\SYSTEM32\dbgcore.DLL
0x00007ffa3a490000 - 0x00007ffa3a512000 	C:\Windows\System32\bcryptPrimitives.dll
0x00007ffa1d190000 - 0x00007ffa1d1b5000 	c:\Users\Admin\.vscode\extensions\redhat.java-1.34.0-win32-x64\jre\17.0.12-win32-x86_64\bin\java.dll
0x00007ffa20450000 - 0x00007ffa20468000 	c:\Users\Admin\.vscode\extensions\redhat.java-1.34.0-win32-x64\jre\17.0.12-win32-x86_64\bin\zip.dll
0x00007ffa38040000 - 0x00007ffa387db000 	C:\Windows\SYSTEM32\windows.storage.dll
0x00007ffa3a9d0000 - 0x00007ffa3ad24000 	C:\Windows\System32\combase.dll
0x00007ffa398f0000 - 0x00007ffa3991d000 	C:\Windows\SYSTEM32\Wldp.dll
0x00007ffa3c560000 - 0x00007ffa3c60d000 	C:\Windows\System32\SHCORE.dll
0x00007ffa39f20000 - 0x00007ffa39f45000 	C:\Windows\SYSTEM32\profapi.dll
0x00007ffa1d170000 - 0x00007ffa1d189000 	C:\Users\Admin\.vscode\extensions\redhat.java-1.34.0-win32-x64\jre\17.0.12-win32-x86_64\bin\net.dll
0x00007ffa2b990000 - 0x00007ffa2ba9a000 	C:\Windows\SYSTEM32\WINHTTP.dll
0x00007ffa39650000 - 0x00007ffa396ba000 	C:\Windows\system32\mswsock.dll
0x00007ffa1c220000 - 0x00007ffa1c236000 	C:\Users\Admin\.vscode\extensions\redhat.java-1.34.0-win32-x64\jre\17.0.12-win32-x86_64\bin\nio.dll
0x00007ffa28910000 - 0x00007ffa28920000 	c:\Users\Admin\.vscode\extensions\redhat.java-1.34.0-win32-x64\jre\17.0.12-win32-x86_64\bin\verify.dll
0x00007ffa39840000 - 0x00007ffa39858000 	C:\Windows\SYSTEM32\CRYPTSP.dll
0x00007ffa38f80000 - 0x00007ffa38fb4000 	C:\Windows\system32\rsaenh.dll
0x00007ffa3a2f0000 - 0x00007ffa3a317000 	C:\Windows\System32\bcrypt.dll
0x00007ffa39ee0000 - 0x00007ffa39f0e000 	C:\Windows\SYSTEM32\USERENV.dll
0x00007ffa39860000 - 0x00007ffa3986c000 	C:\Windows\SYSTEM32\CRYPTBASE.dll
0x00007ffa39340000 - 0x00007ffa3937b000 	C:\Windows\SYSTEM32\IPHLPAPI.DLL
0x00007ffa3c720000 - 0x00007ffa3c728000 	C:\Windows\System32\NSI.dll
0x00007ffa2c020000 - 0x00007ffa2c037000 	C:\Windows\SYSTEM32\dhcpcsvc6.DLL
0x00007ffa2c890000 - 0x00007ffa2c8ad000 	C:\Windows\SYSTEM32\dhcpcsvc.DLL
0x00007ffa39380000 - 0x00007ffa3944a000 	C:\Windows\SYSTEM32\DNSAPI.dll
0x00007ffa1d160000 - 0x00007ffa1d169000 	C:\Users\Admin\.vscode\extensions\redhat.java-1.34.0-win32-x64\jre\17.0.12-win32-x86_64\bin\management.dll
0x00007ffa1c210000 - 0x00007ffa1c21b000 	C:\Users\Admin\.vscode\extensions\redhat.java-1.34.0-win32-x64\jre\17.0.12-win32-x86_64\bin\management_ext.dll
0x00007ffa3bb40000 - 0x00007ffa3bb48000 	C:\Windows\System32\PSAPI.DLL
0x00007ffa1ece0000 - 0x00007ffa1ecee000 	C:\Users\Admin\.vscode\extensions\redhat.java-1.34.0-win32-x64\jre\17.0.12-win32-x86_64\bin\sunmscapi.dll
0x00007ffa39ff0000 - 0x00007ffa3a14d000 	C:\Windows\System32\CRYPT32.dll
0x00007ffa39960000 - 0x00007ffa39987000 	C:\Windows\SYSTEM32\ncrypt.dll
0x00007ffa39920000 - 0x00007ffa3995b000 	C:\Windows\SYSTEM32\NTASN1.dll
0x00007ffa1cb80000 - 0x00007ffa1cb87000 	C:\Windows\system32\wshunix.dll
0x00007ffa1dbd0000 - 0x00007ffa1dbd9000 	C:\Users\Admin\.vscode\extensions\redhat.java-1.34.0-win32-x64\jre\17.0.12-win32-x86_64\bin\extnet.dll
0x00000000523f0000 - 0x0000000052416000 	C:\Program Files\Bonjour\mdnsNSP.dll
0x00007ffa27390000 - 0x00007ffa2739a000 	C:\Windows\System32\rasadhlp.dll
0x00007ffa27610000 - 0x00007ffa27690000 	C:\Windows\System32\fwpuclnt.dll

dbghelp: loaded successfully - version: 4.0.5 - missing functions: none
symbol engine: initialized successfully - sym options: 0x614 - pdb path: .;c:\Users\Admin\.vscode\extensions\redhat.java-1.34.0-win32-x64\jre\17.0.12-win32-x86_64\bin;C:\Windows\SYSTEM32;C:\Windows\WinSxS\amd64_microsoft.windows.common-controls_6595b64144ccf1df_6.0.19041.3636_none_60b6a03d71f818d5;C:\Program Files (x86)\360\Total Security\safemon;c:\Users\Admin\.vscode\extensions\redhat.java-1.34.0-win32-x64\jre\17.0.12-win32-x86_64\bin\server;C:\Program Files\Bonjour

VM Arguments:
jvm_args: -Xmx1024m -Dsts.lsp.client=vscode -Dsts.log.file=/dev/null -XX:TieredStopAtLevel=1 -Xlog:jni+resolve=off 
java_command: c:\Users\Admin\.vscode\extensions\vmware.vscode-spring-boot-1.57.0\language-server\spring-boot-language-server-1.57.0-SNAPSHOT-exec.jar
java_class_path (initial): c:\Users\Admin\.vscode\extensions\vmware.vscode-spring-boot-1.57.0\language-server\spring-boot-language-server-1.57.0-SNAPSHOT-exec.jar
Launcher Type: SUN_STANDARD

[Global flags]
     intx CICompilerCount                          = 3                                         {product} {ergonomic}
     uint ConcGCThreads                            = 1                                         {product} {ergonomic}
     uint G1ConcRefinementThreads                  = 4                                         {product} {ergonomic}
   size_t G1HeapRegionSize                         = 1048576                                   {product} {ergonomic}
    uintx GCDrainStackTargetSize                   = 64                                        {product} {ergonomic}
   size_t InitialHeapSize                          = 134217728                                 {product} {ergonomic}
   size_t MarkStackSize                            = 4194304                                   {product} {ergonomic}
   size_t MaxHeapSize                              = 1073741824                                {product} {command line}
   size_t MaxNewSize                               = 643825664                                 {product} {ergonomic}
   size_t MinHeapDeltaBytes                        = 1048576                                   {product} {ergonomic}
   size_t MinHeapSize                              = 8388608                                   {product} {ergonomic}
    uintx NonProfiledCodeHeapSize                  = 0                                      {pd product} {ergonomic}
     bool ProfileInterpreter                       = false                                  {pd product} {command line}
    uintx ProfiledCodeHeapSize                     = 0                                      {pd product} {ergonomic}
   size_t SoftMaxHeapSize                          = 1073741824                             {manageable} {ergonomic}
     intx TieredStopAtLevel                        = 1                                         {product} {command line}
     bool UseCompressedClassPointers               = true                           {product lp64_product} {ergonomic}
     bool UseCompressedOops                        = true                           {product lp64_product} {ergonomic}
     bool UseG1GC                                  = true                                      {product} {ergonomic}
     bool UseLargePagesIndividualAllocation        = false                                  {pd product} {ergonomic}

Logging:
Log output configuration:
 #0: stdout all=warning,jni+resolve=off uptime,level,tags
 #1: stderr all=off uptime,level,tags

Environment Variables:
JAVA_HOME=C:\Program Files\Microsoft\jdk-17.0.10.7-hotspot\
PATH=C:\Program Files\Microsoft\jdk-17.0.10.7-hotspot\bin;C:\Program Files\Common Files\Oracle\Java\javapath;C:\Users\Admin\AppData\Roaming\Python\Python38\Scripts;C:\Windows\system32;C:\Windows;C:\Windows\System32\Wbem;C:\Windows\System32\WindowsPowerShell\v1.0\;C:\Windows\System32\OpenSSH\;C:\Program Files\dotnet\;C:\Program Files\Microsoft SQL Server\150\Tools\Binn\;C:\Program Files\Microsoft SQL Server\Client SDK\ODBC\170\Tools\Binn\;C:\Program Files (x86)\Windows Kits\10\Windows Performance Toolkit\;C:\Program Files (x86)\Microsoft SQL Server\160\DTS\Binn\;C:\Program Files (x86)\Microsoft SQL Server\160\Tools\Binn\;C:\Program Files\Microsoft SQL Server\160\Tools\Binn\;C:\Program Files\Microsoft SQL Server\160\DTS\Binn\;H:\Matlab\runtime\win64;H:\Matlab\bin;H:\Matlab\polyspace\bin;C:\Users\Admin\AppData\Local\Android\Sdk\platform-tools;C:\ProgramData\chocolatey\bin;C:\Program Files (x86)\Yarn\bin\;C:\Program Files\nodejs\;C:\Program Files\Git\cmd;C:\Program Files\Python38\Scripts;C:\Program Files\Python38\;C:\Program Files\MySQL\MySQL Shell 8.0\bin\;C:\Users\Admin\AppData\Local\Android\Sdk\tools;C:\Users\Admin\AppData\Local\Microsoft\WindowsApps;C:\Users\Admin\.dotnet\tools;C:\Program Files\Azure Data Studio\bin;C:\Users\Admin\AppData\Local\Yarn\bin;C:\Users\Admin\AppData\Roaming\npm;H:\Program Files\Microsoft VS Code\bin
USERNAME=Admin
OS=Windows_NT
PROCESSOR_IDENTIFIER=Intel64 Family 6 Model 78 Stepping 3, GenuineIntel
TMP=C:\Users\Admin\AppData\Local\Temp
TEMP=C:\Users\Admin\AppData\Local\Temp



Periodic native trim disabled


---------------  S Y S T E M  ---------------

OS:
 Windows 10 , 64 bit Build 19041 (10.0.19041.3636)
OS uptime: 2 days 10:34 hours

CPU: total 4 (initial active 4) (2 cores per cpu, 2 threads per core) family 6 model 78 stepping 3 microcode 0xcc, cx8, cmov, fxsr, ht, mmx, 3dnowpref, sse, sse2, sse3, ssse3, sse4.1, sse4.2, popcnt, lzcnt, tsc, tscinvbit, avx, avx2, aes, erms, clmul, bmi1, bmi2, rtm, adx, fma, vzeroupper, clflush, clflushopt
Processor Information for all 4 processors :
  Max Mhz: 2301, Current Mhz: 2301, Mhz Limit: 2301

Memory: 4k page, system-wide physical 8085M (147M free)
TotalPageFile size 16845M (AvailPageFile size 6M)
current process WorkingSet (physical memory assigned to process): 182M, peak: 182M
current process commit charge ("private bytes"): 208M, peak: 223M

vm_info: OpenJDK 64-Bit Server VM (17.0.12+7) for windows-amd64 JRE (17.0.12+7), built on Jul 16 2024 22:08:24 by "admin" with MS VC++ 16.10 / 16.11 (VS2019)

END.
